[0;35m==============================================================================[0m
[0;35m NDN TRANSMISSION AUTOMATIC TEST SCRIPT[0m
[0;35m==============================================================================[0m
Starting automated NDN transmission testing...
Dataset ID: 1
Test Prefix: /test/data
Verbose Mode: false
Script Directory: /home/a_coin_fan/code/ndn-dev

[0;35m==============================================================================[0m
[0;35m PREREQUISITE CHECKS[0m
[0;35m==============================================================================[0m
[0;34m[18:54:55] [INFO][0m Checking system requirements...
[0;32m[18:54:55] [SUCCESS][0m NFD found: /usr/local/bin/nfd
[0;32m[18:54:55] [SUCCESS][0m Producer binary found
[0;32m[18:54:55] [SUCCESS][0m Consumer binary found
[0;32m[18:54:55] [SUCCESS][0m NFD configuration found
[0;32m[18:54:55] [SUCCESS][0m Producer configuration found
[0;32m[18:54:55] [SUCCESS][0m Experiments directory accessible
[0;32m[18:54:55] [SUCCESS][0m All prerequisites satisfied
[0;35m==============================================================================[0m
[0;35m TEST DATA CREATION[0m
[0;35m==============================================================================[0m
[0;34m[18:54:55] [INFO][0m Creating test data files...
[0;32m[18:54:55] [SUCCESS][0m Created small test file: test.txt (449 bytes)
[0;32m[18:54:55] [SUCCESS][0m Created medium test file: medium_test.txt (12260 bytes)
[0;32m[18:54:56] [SUCCESS][0m Created large test file: large_test.txt (6929087 bytes)
[0;32m[18:54:56] [SUCCESS][0m Created binary test file: binary_test.dat (8192 bytes)
[0;32m[18:54:56] [SUCCESS][0m Created JSON test file: test.json (305 bytes)
[0;32m[18:54:56] [SUCCESS][0m Test data creation completed in /home/a_coin_fan/code/ndn-dev/experiments/1
[0;35m==============================================================================[0m
[0;35m NFD STARTUP[0m
[0;35m==============================================================================[0m
[0;34m[18:54:56] [INFO][0m Starting NDN Forwarding Daemon...
[0;34m[18:54:56] [INFO][0m Creating NFD socket directory...
[0;34m[18:54:56] [INFO][0m Checking NFD configuration...
[0;34m[18:54:56] [INFO][0m Launching NFD daemon...
[0;34m[18:54:56] [INFO][0m Waiting for NFD to initialize...
[0;32m[18:54:57] [SUCCESS][0m NFD socket created successfully
[0;32m[18:54:57] [SUCCESS][0m NFD started successfully (PID: 4158)

[0;35m==============================================================================[0m
[0;35m PRODUCER STARTUP[0m
[0;35m==============================================================================[0m
[0;34m[18:54:57] [INFO][0m Starting NDN producer...
[0;34m[18:54:57] [INFO][0m Launching producer with prefix '/test/data' and dataset ID '1'...
[0;34m[18:54:57] [INFO][0m Waiting for producer to initialize...
[0;34m[18:55:00] [INFO][0m Allowing time for prefix registration...
[0;32m[18:55:02] [SUCCESS][0m Producer started successfully (PID: 4170)
[0;34m[18:55:02] [INFO][0m Allowing systems to stabilize...
[0;35m==============================================================================[0m
[0;35m TEST EXECUTION[0m
[0;35m==============================================================================[0m
[0;34m[18:55:07] [INFO][0m Running NDN transmission test suite...
[0;34m[18:55:07] [INFO][0m Test 1/5: Small text file transmission
[0;34m[18:55:07] [INFO][0m Running test: Small text file
[0;34m[18:55:07] [INFO][0m Sending Interest: /test/data/1/test.txt
[0;32m[18:55:07] [SUCCESS][0m Test 'Small text file' PASSED - Files match (449 bytes)
[0;34m[18:55:07] [INFO][0m Output file saved for inspection: /home/a_coin_fan/code/ndn-dev/experiments/result/ndn_test_output_1751972107316058330_test.txt

[0;34m[18:55:07] [INFO][0m Test 2/5: Medium text file transmission
[0;34m[18:55:07] [INFO][0m Running test: Medium text file
[0;34m[18:55:07] [INFO][0m Sending Interest: /test/data/1/medium_test.txt
[0;32m[18:55:07] [SUCCESS][0m Test 'Medium text file' PASSED - Files match (12260 bytes)
[0;34m[18:55:07] [INFO][0m Output file saved for inspection: /home/a_coin_fan/code/ndn-dev/experiments/result/ndn_test_output_1751972107361344348_medium_test.txt

[0;34m[18:55:07] [INFO][0m Test 3/5: Large text file transmission
[0;34m[18:55:07] [INFO][0m Running test: Large text file
[0;34m[18:55:07] [INFO][0m Sending Interest: /test/data/1/large_test.txt
[0;32m[18:55:07] [SUCCESS][0m Test 'Large text file' PASSED - Files match (6929087 bytes)
[0;34m[18:55:07] [INFO][0m Output file saved for inspection: /home/a_coin_fan/code/ndn-dev/experiments/result/ndn_test_output_1751972107401511977_large_test.txt

[0;34m[18:55:07] [INFO][0m Test 4/5: JSON file transmission
[0;34m[18:55:07] [INFO][0m Running test: JSON file
[0;34m[18:55:07] [INFO][0m Sending Interest: /test/data/1/test.json
[0;32m[18:55:07] [SUCCESS][0m Test 'JSON file' PASSED - Files match (305 bytes)
[0;34m[18:55:07] [INFO][0m Output file saved for inspection: /home/a_coin_fan/code/ndn-dev/experiments/result/ndn_test_output_1751972107504926633_test.json

[0;34m[18:55:07] [INFO][0m Test 5/5: Binary file transmission
[0;34m[18:55:07] [INFO][0m Running test: Binary file
[0;34m[18:55:07] [INFO][0m Sending Interest: /test/data/1/binary_test.dat
[0;32m[18:55:07] [SUCCESS][0m Test 'Binary file' PASSED - Files match (8192 bytes)
[0;34m[18:55:07] [INFO][0m Output file saved for inspection: /home/a_coin_fan/code/ndn-dev/experiments/result/ndn_test_output_1751972107533006880_binary_test.dat

[0;35m==============================================================================[0m
[0;35m PERFORMANCE TESTS[0m
[0;35m==============================================================================[0m
[0;34m[18:55:07] [INFO][0m Running performance benchmarks...
[0;34m[18:55:07] [INFO][0m Running performance test: Small file performance
[0;32m[18:55:07] [SUCCESS][0m Performance test 'Small file performance' completed:
    Time elapsed: 0.000986114 seconds
    Segments received: 1
    Transferred size: 0.449
    Goodput: 3.642581
    RTT (min/avg/max): 0.747/0.747/0.747 ms

[0;34m[18:55:07] [INFO][0m Running performance test: Medium file performance
[0;32m[18:55:07] [SUCCESS][0m Performance test 'Medium file performance' completed:
    Time elapsed: 0.00100465 seconds
    Segments received: 2
    Transferred size: 12.26
    Goodput: 97.626233
    RTT (min/avg/max): 0.749/0.802/0.854 ms

[0;34m[18:55:07] [INFO][0m Running performance test: Large file performance
[0;32m[18:55:07] [SUCCESS][0m Performance test 'Large file performance' completed:
    Time elapsed: 0.0289133 seconds
    Segments received: 846
    Transferred size: 6929.09
    Goodput: 1.917204
    RTT (min/avg/max): 0.294/6.429/9.314 ms

[0;35m==============================================================================[0m
[0;35m TEST RESULTS[0m
[0;35m==============================================================================[0m
[0;34m[18:55:07] [INFO][0m Test execution completed

  📊 Tests Summary:
     Total tests: 5
     Passed: 5
     Failed: 0
     Success rate: 100%

[0;32m[18:55:07] [SUCCESS][0m 🎉 ALL TESTS PASSED!
[0;35m==============================================================================[0m
[0;35m TEST COMPLETION[0m
[0;35m==============================================================================[0m
[0;32m[18:55:07] [SUCCESS][0m 🎉 All tests completed successfully!
[0;32m[18:55:07] [SUCCESS][0m Total execution time: 12 seconds
[0;35m==============================================================================[0m
[0;35m CLEANUP[0m
[0;35m==============================================================================[0m
[0;34m[18:55:07] [INFO][0m Cleaning up processes and temporary files...
[0;34m[18:55:07] [INFO][0m Stopping producer (PID: 4170)
[0;34m[18:55:07] [INFO][0m Stopping NFD (PID: 4158)
[0;32m[18:55:07] [SUCCESS][0m Cleanup completed
